<?xml version="1.0" encoding="UTF-8"?>
<testsuite name="PriorityQueueTest" tests="1" skipped="0" failures="0" errors="0" timestamp="2016-08-18T10:56:17" hostname="Ashwins-MacBook-Pro-2.local" time="0.001">
  <properties/>
  <testcase name="insert" classname="PriorityQueueTest" time="0.001"/>
  <system-out><![CDATA[]]></system-out>
  <system-err><![CDATA[]]></system-err>
</testsuite>
